#
# A fatal error has been detected by the Java Runtime Environment:
#
#  EXCEPTION_ACCESS_VIOLATION (0xc0000005) at pc=0x00000000759c2c82, pid=1632, tid=0x0000000000000fac
#
# JRE version: Java(TM) SE Runtime Environment (8.0_102-b14) (build 1.8.0_102-b14)
# Java VM: Java HotSpot(TM) 64-Bit Server VM (25.102-b14 mixed mode windows-amd64 compressed oops)
# Problematic frame:
# V  [jvm.dll+0x512c82]
#
# Failed to write core dump. Minidumps are not enabled by default on client versions of Windows
#
# If you would like to submit a bug report, please visit:
#   http://bugreport.java.com/bugreport/crash.jsp
#

---------------  T H R E A D  ---------------

Current thread (0x00000000147be000):  JavaThread "C2 CompilerThread1" daemon [_thread_in_native, id=4012, stack(0x0000000015dd0000,0x0000000015ed0000)]

siginfo: ExceptionCode=0xc0000005, reading address 0xffffffffffffffff

Registers:
RAX=0x17163be000000000, RBX=0x0000000000000070, RCX=0x0000000000000001, RDX=0x0000000000000000
RSP=0x0000000015ecbd00, RBP=0x0000000015ecbe00, RSI=0x0000000016ece540, RDI=0x0000000016fac120
R8 =0x0000000000000009, R9 =0x000000000000000b, R10=0x0000000000000001, R11=0x00000000000001a0
R12=0x0000000000000000, R13=0x0000000015ecc300, R14=0x0000000017163c00, R15=0xffffffffe9053ee0
RIP=0x00000000759c2c82, EFLAGS=0x0000000000010202

Top of Stack: (sp=0x0000000015ecbd00)
0x0000000015ecbd00:   0000000016d6e888 0000000000000002
0x0000000015ecbd10:   0000000015ecbe00 0000000000000005
0x0000000015ecbd20:   000000000000000b 00000000000010bc
0x0000000015ecbd30:   0000000000000000 00000000160a8e00
0x0000000015ecbd40:   0000000015ecc000 0000000000000002
0x0000000015ecbd50:   0000000000000005 0000000017163c40
0x0000000015ecbd60:   0000000000000001 0000000000000001
0x0000000015ecbd70:   0000000016fac460 0000000100000068
0x0000000015ecbd80:   00000b9100000000 0000000015ecc0d0
0x0000000015ecbd90:   000000000000000f 00000000162b8770
0x0000000015ecbda0:   0000000000000000 00000b9100000068
0x0000000015ecbdb0:   0000000015ecc0d0 000000000000000f
0x0000000015ecbdc0:   00000000162b5920 0000000000000001
0x0000000015ecbdd0:   0000000016fac120 00000000161678b0
0x0000000015ecbde0:   ffffffffe9053ee0 00000000000003d8
0x0000000015ecbdf0:   0000000016167c88 00000000161678a0 

Instructions: (pc=0x00000000759c2c82)
0x00000000759c2c62:   8b 4c 24 58 ba 01 00 00 00 48 8b 40 48 45 32 ed
0x00000000759c2c72:   45 32 f6 48 8b 70 68 e8 d2 e8 f3 ff 49 8d 14 3f
0x00000000759c2c82:   8b 48 28 48 89 55 18 48 8b 04 ce 8b 48 4c 48 8b
0x00000000759c2c92:   45 60 48 8b 04 c8 48 8b 1c 02 48 8b 45 58 48 8b 


Register to memory mapping:

RAX=0x17163be000000000 is an unknown value
RBX=0x0000000000000070 is an unknown value
RCX=0x0000000000000001 is an unknown value
RDX=0x0000000000000000 is an unknown value
RSP=0x0000000015ecbd00 is pointing into the stack for thread: 0x00000000147be000
RBP=0x0000000015ecbe00 is pointing into the stack for thread: 0x00000000147be000
RSI=0x0000000016ece540 is an unknown value
RDI=0x0000000016fac120 is an unknown value
R8 =0x0000000000000009 is an unknown value
R9 =0x000000000000000b is an unknown value
R10=0x0000000000000001 is an unknown value
R11=0x00000000000001a0 is an unknown value
R12=0x0000000000000000 is an unknown value
R13=0x0000000015ecc300 is pointing into the stack for thread: 0x00000000147be000
R14=0x0000000017163c00 is an unknown value
R15=0xffffffffe9053ee0 is an unknown value


Stack: [0x0000000015dd0000,0x0000000015ed0000],  sp=0x0000000015ecbd00,  free space=1007k
Native frames: (J=compiled Java code, j=interpreted, Vv=VM code, C=native code)
V  [jvm.dll+0x512c82]
V  [jvm.dll+0x467ad6]
V  [jvm.dll+0x47301b]
V  [jvm.dll+0x475927]
V  [jvm.dll+0x458372]
V  [jvm.dll+0xa5572]
V  [jvm.dll+0xa5eaf]
V  [jvm.dll+0x2447af]
V  [jvm.dll+0x29c03a]
C  [msvcr100.dll+0x21d7b]
C  [msvcr100.dll+0x21e17]
C  [KERNEL32.DLL+0x13d2]
C  [ntdll.dll+0x154e4]


Current CompileTask:
C2:   1439 1321   !   4       com.android.dx.cf.code.BytecodeArray::parseInstruction (2764 bytes)


---------------  P R O C E S S  ---------------

Java Threads: ( => current thread )
  0x00000000161a6800 JavaThread "pool-2-thread-4" [_thread_in_Java, id=4372, stack(0x00000000169d0000,0x0000000016ad0000)]
  0x00000000161a5800 JavaThread "pool-2-thread-3" [_thread_in_Java, id=4156, stack(0x00000000168d0000,0x00000000169d0000)]
  0x00000000161a2000 JavaThread "pool-2-thread-2" [_thread_blocked, id=208, stack(0x00000000167d0000,0x00000000168d0000)]
  0x000000001619f000 JavaThread "pool-3-thread-1" [_thread_blocked, id=1768, stack(0x00000000166d0000,0x00000000167d0000)]
  0x000000001619e800 JavaThread "pool-2-thread-1" [_thread_blocked, id=4184, stack(0x00000000165d0000,0x00000000166d0000)]
  0x0000000015ee4000 JavaThread "Service Thread" daemon [_thread_blocked, id=3148, stack(0x00000000163d0000,0x00000000164d0000)]
  0x00000000147cb000 JavaThread "C1 CompilerThread2" daemon [_thread_blocked, id=4748, stack(0x00000000162d0000,0x00000000163d0000)]
=>0x00000000147be000 JavaThread "C2 CompilerThread1" daemon [_thread_in_native, id=4012, stack(0x0000000015dd0000,0x0000000015ed0000)]
  0x000000001476c800 JavaThread "C2 CompilerThread0" daemon [_thread_in_native, id=4416, stack(0x0000000015cd0000,0x0000000015dd0000)]
  0x000000001476a800 JavaThread "Attach Listener" daemon [_thread_blocked, id=4392, stack(0x0000000015bd0000,0x0000000015cd0000)]
  0x0000000014769800 JavaThread "Signal Dispatcher" daemon [_thread_blocked, id=316, stack(0x0000000015ad0000,0x0000000015bd0000)]
  0x000000000209a000 JavaThread "Finalizer" daemon [_thread_blocked, id=3224, stack(0x00000000159d0000,0x0000000015ad0000)]
  0x000000000208f000 JavaThread "Reference Handler" daemon [_thread_blocked, id=5060, stack(0x00000000158d0000,0x00000000159d0000)]
  0x0000000001fa0800 JavaThread "main" [_thread_in_Java, id=4140, stack(0x0000000001ea0000,0x0000000001fa0000)]

Other Threads:
  0x0000000014738000 VMThread [stack: 0x00000000157d0000,0x00000000158d0000] [id=148]
  0x0000000015ef8800 WatcherThread [stack: 0x00000000164d0000,0x00000000165d0000] [id=4572]

VM state:not at safepoint (normal execution)

VM Mutex/Monitor currently owned by a thread: None

Heap:
 PSYoungGen      total 38400K, used 14464K [0x00000000eab00000, 0x00000000ef600000, 0x0000000100000000)
  eden space 33280K, 28% used [0x00000000eab00000,0x00000000eb420848,0x00000000ecb80000)
  from space 5120K, 99% used [0x00000000ed080000,0x00000000ed57fae0,0x00000000ed580000)
  to   space 5120K, 0% used [0x00000000ecb80000,0x00000000ecb80000,0x00000000ed080000)
 ParOldGen       total 87552K, used 5384K [0x00000000c0000000, 0x00000000c5580000, 0x00000000eab00000)
  object space 87552K, 6% used [0x00000000c0000000,0x00000000c0542130,0x00000000c5580000)
 Metaspace       used 6070K, capacity 7088K, committed 7296K, reserved 1056768K
  class space    used 590K, capacity 616K, committed 640K, reserved 1048576K

Card table byte_map: [0x0000000011460000,0x0000000011670000] byte_map_base: 0x0000000010e60000

Marking Bits: (ParMarkBitMap*) 0x0000000075cca6c0
 Begin Bits: [0x0000000011bd0000, 0x0000000012bd0000)
 End Bits:   [0x0000000012bd0000, 0x0000000013bd0000)

Polling page: 0x0000000000590000

CodeCache: size=245760Kb used=5948Kb max_used=5948Kb free=239811Kb
 bounds [0x00000000020a0000, 0x0000000002680000, 0x00000000110a0000]
 total_blobs=1751 nmethods=1489 adapters=176
 compilation: enabled

Compilation events (10 events):
Event: 1.348 Thread 0x00000000147cb000 nmethod 1410 0x000000000263a650 code [0x000000000263a7a0, 0x000000000263a990]
Event: 1.348 Thread 0x00000000147cb000 1411       3       com.android.dx.cf.code.ByteCatchList::byteLength (10 bytes)
Event: 1.348 Thread 0x00000000147cb000 nmethod 1411 0x000000000263a1d0 code [0x000000000263a340, 0x000000000263a570]
Event: 1.348 Thread 0x00000000147cb000 1412       3       com.android.dx.cf.direct.StdAttributeFactory::localVariableTable (98 bytes)
Event: 1.349 Thread 0x00000000147cb000 nmethod 1412 0x000000000263df90 code [0x000000000263e240, 0x000000000263f398]
Event: 1.349 Thread 0x00000000147cb000 1413       3       com.android.dx.cf.attrib.AttLocalVariableTable::<init> (8 bytes)
Event: 1.349 Thread 0x00000000147cb000 nmethod 1413 0x0000000002639e10 code [0x0000000002639f80, 0x000000000263a128]
Event: 1.349 Thread 0x00000000147cb000 1425       3       com.android.dx.ssa.back.FirstFitLocalCombiningAllocator$Multiset::add (68 bytes)
Event: 1.349 Thread 0x00000000147cb000 nmethod 1425 0x000000000263d890 code [0x000000000263da20, 0x000000000263dd10]
Event: 1.349 Thread 0x00000000147cb000 1427       3       com.android.dx.rop.cst.CstString::stringToUtf8Bytes (175 bytes)

GC Heap History (2 events):
Event: 1.098 GC heap before
{Heap before GC invocations=1 (full 0):
 PSYoungGen      total 38400K, used 33280K [0x00000000eab00000, 0x00000000ed580000, 0x0000000100000000)
  eden space 33280K, 100% used [0x00000000eab00000,0x00000000ecb80000,0x00000000ecb80000)
  from space 5120K, 0% used [0x00000000ed080000,0x00000000ed080000,0x00000000ed580000)
  to   space 5120K, 0% used [0x00000000ecb80000,0x00000000ecb80000,0x00000000ed080000)
 ParOldGen       total 87552K, used 0K [0x00000000c0000000, 0x00000000c5580000, 0x00000000eab00000)
  object space 87552K, 0% used [0x00000000c0000000,0x00000000c0000000,0x00000000c5580000)
 Metaspace       used 5839K, capacity 6896K, committed 7040K, reserved 1056768K
  class space    used 589K, capacity 616K, committed 640K, reserved 1048576K
Event: 1.106 GC heap after
Heap after GC invocations=1 (full 0):
 PSYoungGen      total 38400K, used 5096K [0x00000000eab00000, 0x00000000ed580000, 0x0000000100000000)
  eden space 33280K, 0% used [0x00000000eab00000,0x00000000eab00000,0x00000000ecb80000)
  from space 5120K, 99% used [0x00000000ecb80000,0x00000000ed07a080,0x00000000ed080000)
  to   space 5120K, 0% used [0x00000000ed080000,0x00000000ed080000,0x00000000ed580000)
 ParOldGen       total 87552K, used 1005K [0x00000000c0000000, 0x00000000c5580000, 0x00000000eab00000)
  object space 87552K, 1% used [0x00000000c0000000,0x00000000c00fb710,0x00000000c5580000)
 Metaspace       used 5839K, capacity 6896K, committed 7040K, reserved 1056768K
  class space    used 589K, capacity 616K, committed 640K, reserved 1048576K
}

Deoptimization events (10 events):
Event: 0.874 Thread 0x000000001619e800 Uncommon trap: reason=unstable_if action=reinterpret pc=0x00000000022e3cb4 method=java.util.BitSet.ensureCapacity(I)V @ 6
Event: 0.972 Thread 0x000000001619e800 Uncommon trap: reason=unstable_if action=reinterpret pc=0x00000000023a3b5c method=com.android.dx.rop.code.LocalItem.hashCode()I @ 25
Event: 0.972 Thread 0x000000001619e800 Uncommon trap: reason=unstable_if action=reinterpret pc=0x0000000002333b18 method=com.android.dx.rop.code.LocalItem.hashCode()I @ 25
Event: 0.973 Thread 0x000000001619e800 Uncommon trap: reason=unstable_if action=reinterpret pc=0x000000000239fcac method=com.android.dx.rop.code.RegisterSpecSet.put(Lcom/android/dx/rop/code/RegisterSpec;)V @ 77
Event: 0.973 Thread 0x000000001619e800 Uncommon trap: reason=unstable_if action=reinterpret pc=0x00000000023c7914 method=com.android.dx.rop.code.RegisterSpecSet.put(Lcom/android/dx/rop/code/RegisterSpec;)V @ 77
Event: 1.039 Thread 0x00000000161a6800 Uncommon trap: reason=bimorphic action=maybe_recompile pc=0x00000000022dcaa4 method=java.util.HashMap.getNode(ILjava/lang/Object;)Ljava/util/HashMap$Node; @ 126
Event: 1.175 Thread 0x00000000161a5800 Uncommon trap: reason=unstable_if action=reinterpret pc=0x000000000236f320 method=com.android.dx.rop.code.RegisterSpec.equals(ILcom/android/dx/rop/type/TypeBearer;Lcom/android/dx/rop/code/LocalItem;)Z @ 42
Event: 1.188 Thread 0x00000000161a5800 Uncommon trap: reason=bimorphic action=maybe_recompile pc=0x00000000022dcaa4 method=java.util.HashMap.getNode(ILjava/lang/Object;)Ljava/util/HashMap$Node; @ 126
Event: 1.231 Thread 0x000000001619e800 Uncommon trap: reason=unstable_if action=reinterpret pc=0x00000000022dca68 method=java.util.HashMap.getNode(ILjava/lang/Object;)Ljava/util/HashMap$Node; @ 62
Event: 1.316 Thread 0x0000000001fa0800 Uncommon trap: reason=unstable_if action=reinterpret pc=0x00000000022da1e8 method=java.lang.String.<init>([CII)V @ 18

Internal exceptions (2 events):
Event: 0.055 Thread 0x0000000001fa0800 Exception <a 'java/lang/NoSuchMethodError': Method sun.misc.Unsafe.defineClass(Ljava/lang/String;[BII)Ljava/lang/Class; name or signature does not match> (0x00000000eab07c78) thrown at [C:\re\workspace\8-2-build-windows-amd64-cygwin\jdk8u102\7268\hotspot\sŸ†ÃÌô«?
Event: 0.055 Thread 0x0000000001fa0800 Exception <a 'java/lang/NoSuchMethodError': Method sun.misc.Unsafe.prefetchRead(Ljava/lang/Object;J)V name or signature does not match> (0x00000000eab07f60) thrown at [C:\re\workspace\8-2-build-windows-amd64-cygwin\jdk8u102\7268\hotspot\src\share\vm\prims\

Events (10 events):
Event: 1.188 Thread 0x00000000161a5800 DEOPT PACKING pc=0x00000000022dcaa4 sp=0x00000000169ceab0
Event: 1.188 Thread 0x00000000161a5800 DEOPT UNPACKING pc=0x00000000020e582a sp=0x00000000169ce9c8 mode 2
Event: 1.231 Thread 0x000000001619e800 Uncommon trap: trap_request=0xffffff65 fr.pc=0x00000000022dca68
Event: 1.231 Thread 0x000000001619e800 DEOPT PACKING pc=0x00000000022dca68 sp=0x00000000166cec40
Event: 1.231 Thread 0x000000001619e800 DEOPT UNPACKING pc=0x00000000020e582a sp=0x00000000166ceb60 mode 2
Event: 1.292 loading class com/android/dx/cf/attrib/AttExceptions
Event: 1.292 loading class com/android/dx/cf/attrib/AttExceptions done
Event: 1.316 Thread 0x0000000001fa0800 Uncommon trap: trap_request=0xffffff65 fr.pc=0x00000000022da1e8
Event: 1.316 Thread 0x0000000001fa0800 DEOPT PACKING pc=0x00000000022da1e8 sp=0x0000000001f9e2d0
Event: 1.316 Thread 0x0000000001fa0800 DEOPT UNPACKING pc=0x00000000020e582a sp=0x0000000001f9e200 mode 2


Dynamic libraries:
0x00007ff7350c0000 - 0x00007ff7350f7000 	C:\Program Files\Java\jdk1.8.0_102\bin\java.exe
0x00007ff9e30a0000 - 0x00007ff9e324d000 	C:\Windows\SYSTEM32\ntdll.dll
0x00007ff9e23d0000 - 0x00007ff9e250e000 	C:\Windows\system32\KERNEL32.DLL
0x00007ff9e02e0000 - 0x00007ff9e03f5000 	C:\Windows\system32\KERNELBASE.dll
0x00007ff9ded90000 - 0x00007ff9dee1e000 	C:\Windows\system32\apphelp.dll
0x00007ff9c4fa0000 - 0x00007ff9c4ff3000 	C:\Windows\AppPatch\AppPatch64\AcGenral.DLL
0x00007ff9e1e40000 - 0x00007ff9e1eea000 	C:\Windows\system32\msvcrt.dll
0x00007ff9e06f0000 - 0x00007ff9e071e000 	C:\Windows\system32\SspiCli.dll
0x00007ff9e21f0000 - 0x00007ff9e2244000 	C:\Windows\system32\SHLWAPI.dll
0x00007ff9e2250000 - 0x00007ff9e23c7000 	C:\Windows\system32\USER32.dll
0x00007ff9e2ea0000 - 0x00007ff9e3034000 	C:\Windows\system32\ole32.dll
0x00007ff9e0910000 - 0x00007ff9e1e38000 	C:\Windows\system32\SHELL32.dll
0x00007ff9df790000 - 0x00007ff9df7b1000 	C:\Windows\SYSTEM32\USERENV.dll
0x00007ff9e2df0000 - 0x00007ff9e2e9a000 	C:\Windows\system32\ADVAPI32.dll
0x00007ff9d89e0000 - 0x00007ff9d89fe000 	C:\Windows\SYSTEM32\MPR.dll
0x00007ff9e2580000 - 0x00007ff9e26c0000 	C:\Windows\system32\RPCRT4.dll
0x00007ff9e3040000 - 0x00007ff9e3099000 	C:\Windows\SYSTEM32\sechost.dll
0x00007ff9e1f10000 - 0x00007ff9e2121000 	C:\Windows\SYSTEM32\combase.dll
0x00007ff9e2900000 - 0x00007ff9e2a4f000 	C:\Windows\system32\GDI32.dll
0x00007ff9e01c0000 - 0x00007ff9e01d5000 	C:\Windows\SYSTEM32\profapi.dll
0x00007ff9decb0000 - 0x00007ff9ded62000 	C:\Windows\SYSTEM32\SHCORE.dll
0x00007ff9e2cf0000 - 0x00007ff9e2d26000 	C:\Windows\system32\IMM32.DLL
0x00007ff9e0780000 - 0x00007ff9e08d2000 	C:\Windows\system32\MSCTF.dll
0x00007ff9ddec0000 - 0x00007ff9de13b000 	C:\Windows\WinSxS\amd64_microsoft.windows.common-controls_6595b64144ccf1df_6.0.9600.18006_none_623f33d3ecbe86e8\COMCTL32.dll
0x0000000074e30000 - 0x0000000074f01000 	C:\Program Files\Java\jdk1.8.0_102\jre\bin\msvcr100.dll
0x00000000754b0000 - 0x0000000075d4a000 	C:\Program Files\Java\jdk1.8.0_102\jre\bin\server\jvm.dll
0x00007ff9d0d30000 - 0x00007ff9d0d39000 	C:\Windows\SYSTEM32\WSOCK32.dll
0x00007ff9ddd50000 - 0x00007ff9ddd72000 	C:\Windows\SYSTEM32\WINMM.dll
0x00007ff9ddd40000 - 0x00007ff9ddd4a000 	C:\Windows\SYSTEM32\VERSION.dll
0x00007ff9e2ce0000 - 0x00007ff9e2ce7000 	C:\Windows\system32\PSAPI.DLL
0x00007ff9e26c0000 - 0x00007ff9e271a000 	C:\Windows\system32\WS2_32.dll
0x00007ff9ddd10000 - 0x00007ff9ddd3a000 	C:\Windows\SYSTEM32\WINMMBASE.dll
0x00007ff9e0900000 - 0x00007ff9e0909000 	C:\Windows\system32\NSI.dll
0x00007ff9e0290000 - 0x00007ff9e02df000 	C:\Windows\SYSTEM32\cfgmgr32.dll
0x00007ff9defe0000 - 0x00007ff9df008000 	C:\Windows\SYSTEM32\DEVOBJ.dll
0x00000000753c0000 - 0x00000000753cf000 	C:\Program Files\Java\jdk1.8.0_102\jre\bin\verify.dll
0x0000000075390000 - 0x00000000753b9000 	C:\Program Files\Java\jdk1.8.0_102\jre\bin\java.dll
0x0000000075370000 - 0x0000000075386000 	C:\Program Files\Java\jdk1.8.0_102\jre\bin\zip.dll
0x00007ff9cc890000 - 0x00007ff9cca19000 	C:\Windows\SYSTEM32\dbghelp.dll

VM Arguments:
jvm_args: -Djava.awt.headless=true -Xmx1024M -Dfile.encoding=windows-1252 -Duser.country=BR -Duser.language=pt -Duser.variant 
java_command: com.android.dx.command.Main --dex --force-jumbo --num-threads=4 --multi-dex --output C:\Users\M&K\AndroidStudioProjects\CC\app\build\intermediates\transforms\dex\debug\folders\1000\10\com.android.support-appcompat-v7-24.2.1_8696e6ddd32a8750545f39145f4da6993701cf2f C:\Users\M&K\AndroidStudioProjects\CC\app\build\intermediates\exploded-aar\com.android.support\appcompat-v7\24.2.1\jars\classes.jar
java_class_path (initial): C:\Users\M&K\AppData\Local\Android\sdk\build-tools\25.0.1\lib\dx.jar
Launcher Type: SUN_STANDARD

Environment Variables:
JAVA_HOME=C:\Program Files\Java\jdk1.8.0_102
PATH=C:\ProgramData\Oracle\Java\javapath;C:\Windows\system32;C:\Windows;C:\Windows\System32\Wbem;C:\Windows\System32\WindowsPowerShell\v1.0\;C:\Program Files (x86)\NVIDIA Corporation\PhysX\Common;C:\Program Files\Java\jdk1.8.0_102\bin
USERNAME=M&K
OS=Windows_NT
PROCESSOR_IDENTIFIER=Intel64 Family 6 Model 30 Stepping 5, GenuineIntel



---------------  S Y S T E M  ---------------

OS: Windows 8.1 , 64 bit Build 9600 (6.3.9600.17415)

CPU:total 4 (4 cores per cpu, 1 threads per core) family 6 model 30 stepping 5, cmov, cx8, fxsr, mmx, sse, sse2, sse3, ssse3, sse4.1, sse4.2, popcnt, tsc, tscinvbit

Memory: 4k page, physical 8320384k(3961320k free), swap 16709004k(11641932k free)

vm_info: Java HotSpot(TM) 64-Bit Server VM (25.102-b14) for windows-amd64 JRE (1.8.0_102-b14), built on Jun 22 2016 13:15:21 by "java_re" with MS VC++ 10.0 (VS2010)

time: Tue Apr 04 23:03:58 2017
elapsed time: 1 seconds (0d 0h 0m 1s)

